running experiments:  ['Week8_01', 'Week8_02', 'Week8_03', 'Week8_04']
starter:  experiments/standard.json
saved to folder:  experiments/2023_11_30_00_00_02

running experiments:  ['Week8_01', 'Week8_02', 'Week8_03', 'Week8_04']
starter:  experiments/uniform.json
saved to folder:  experiments/2023_11_30_00_01_07

running experiments:  ['Week9_01', 'Week9_02', 'Week9_03', 'Week9_04']
starter:  experiments/standard.json
saved to folder:  experiments/2023_11_30_00_02_10

running experiments:  ['Week9_01', 'Week9_02', 'Week9_03', 'Week9_04']
starter:  experiments/uniform.json
saved to folder:  experiments/2023_11_30_00_03_13

running experiments:  ['Week10_01', 'Week10_02']
starter:  experiments/standard.json
saved to folder:  experiments/2023_11_30_00_04_16

running experiments:  ['Week10_01', 'Week10_02']
starter:  experiments/uniform.json
saved to folder:  experiments/2023_11_30_00_04_47

running experiments:  ['Week9_04', 'Week8_03', 'Week10_02', 'Week8_04', 'Week8_01', 'Week8_02', 'Week9_03', 'Week9_02', 'Week10_01', 'Week9_01']
starter:  experiments/standard.json
saved to folder:  experiments/2023_11_30_00_05_18

running experiments:  ['Week9_04', 'Week8_03', 'Week10_02', 'Week8_04', 'Week8_01', 'Week8_02', 'Week9_03', 'Week9_02', 'Week10_01', 'Week9_01']
starter:  experiments/uniform.json
saved to folder:  experiments/2023_11_30_00_07_57

running experiments:  ['Week8_04', 'Week8_03', 'Week8_01', 'Week9_01', 'Week10_01', 'Week9_02', 'Week9_04', 'Week8_02', 'Week10_02', 'Week9_03']
starter:  experiments/standard.json
saved to folder:  experiments/2023_11_30_00_10_37

running experiments:  ['Week8_04', 'Week8_03', 'Week8_01', 'Week9_01', 'Week10_01', 'Week9_02', 'Week9_04', 'Week8_02', 'Week10_02', 'Week9_03']
starter:  experiments/uniform.json
saved to folder:  experiments/2023_11_30_00_13_15

running experiments:  ['Week10_02', 'Week9_01', 'Week9_03', 'Week10_01', 'Week8_03', 'Week8_04', 'Week9_04', 'Week8_02', 'Week9_02', 'Week8_01']
starter:  experiments/standard.json
saved to folder:  experiments/2023_11_30_00_15_54

running experiments:  ['Week10_02', 'Week9_01', 'Week9_03', 'Week10_01', 'Week8_03', 'Week8_04', 'Week9_04', 'Week8_02', 'Week9_02', 'Week8_01']
starter:  experiments/uniform.json
saved to folder:  experiments/2023_11_30_00_18_32
