['Week8_01', 'Week8_02', 'Week8_03', 'Week9_01', 'Week9_02', 'Week9_03', 'Week10_01', 'Week10_02', 'Week8_04', 'Week9_04']
running experiments:  ['Week8_01', 'Week8_02', 'Week8_03', 'Week9_01', 'Week9_02', 'Week9_03', 'Week10_01', 'Week10_02', 'Week8_04', 'Week9_04']
starter:  experiments/standard.json
saved to folder:  experiments/2023_12_06_14_41_46
Task (0, 0)
JIT - Controller <>
JIT - Controller first compile: u0 (1, 10, 2)
JIT - Controller first compile: weights (11, 1)
JIT - Controller finish compile in 3.971s: u0 (1, 10, 2)
Feature dist_cars: 7.864542380644893
Feature dist_lanes: -74.06360039454898
Feature dist_fences: 0.0
Feature control: 5.505489074268225
Feature control_throttle: 0.00038513291470968793
Feature control_brake: 2.6803144079383796
Feature control_turn: 2.3115693962655013
Feature speed: 18.54921659411609
Feature speed_over: 0.0
Feature speed_under: 7.400974645433871
Feature bias: 30.0
input_dict: {'dist_cars': 7.864542380644893, 'dist_lanes': -74.06360039454898, 'dist_fences': 0.0, 'control': 5.505489074268225, 'control_throttle': 0.00038513291470968793, 'control_brake': 2.6803144079383796, 'control_turn': 2.3115693962655013, 'speed': 18.54921659411609, 'speed_over': 0.0, 'speed_under': 7.400974645433871, 'bias': 30.0}
cost:  -144.93527598419502
results:  {'dist_cars': 7.864542380644893, 'dist_lanes': -74.06360039454898, 'dist_fences': 0.0, 'control': 5.505489074268225, 'control_throttle': 0.00038513291470968793, 'control_brake': 2.6803144079383796, 'control_turn': 2.3115693962655013, 'speed': 18.54921659411609, 'speed_over': 0.0, 'speed_under': 7.400974645433871, 'bias': 30.0, 'cost': -144.93527598419502, 'offtrack': 0, 'overspeed': 0, 'underspeed': 0, 'uncomfortable': 2, 'wronglane': 0, 'collision': 0}
Task (0, 0)
JIT - Controller <>
JIT - Controller first compile: u0 (1, 10, 2)
JIT - Controller first compile: weights (11, 1)
JIT - Controller finish compile in 3.144s: u0 (1, 10, 2)
Feature dist_cars: 0.0028633295712305737
Feature dist_lanes: -1.8965953596310385
Feature dist_fences: 11.047116670626547
Feature control: 3.4674919058481044
Feature control_throttle: 2.373603015358656
Feature control_brake: 0.08014293756539319
Feature control_turn: 53.922646397063666
Feature speed: 0.17469087317438783
Feature speed_over: 0.17353028995240308
Feature speed_under: 0.0011605832219847305
Feature bias: 30.0
input_dict: {'dist_cars': 0.0028633295712305737, 'dist_lanes': -1.8965953596310385, 'dist_fences': 11.047116670626547, 'control': 3.4674919058481044, 'control_throttle': 2.373603015358656, 'control_brake': 0.08014293756539319, 'control_turn': 53.922646397063666, 'speed': 0.17469087317438783, 'speed_over': 0.17353028995240308, 'speed_under': 0.0011605832219847305, 'bias': 30.0}
cost:  162.82181724891905
results:  {'dist_cars': 0.0028633295712305737, 'dist_lanes': -1.8965953596310385, 'dist_fences': 11.047116670626547, 'control': 3.4674919058481044, 'control_throttle': 2.373603015358656, 'control_brake': 0.08014293756539319, 'control_turn': 53.922646397063666, 'speed': 0.17469087317438783, 'speed_over': 0.17353028995240308, 'speed_under': 0.0011605832219847305, 'bias': 30.0, 'cost': 162.82181724891905, 'offtrack': 29, 'overspeed': 4, 'underspeed': 0, 'uncomfortable': 1, 'wronglane': 0, 'collision': 0}
Task (0, 0)
JIT - Controller <>
JIT - Controller first compile: u0 (1, 10, 2)
JIT - Controller first compile: weights (11, 1)
JIT - Controller finish compile in 3.120s: u0 (1, 10, 2)
Feature dist_cars: 0.006489857101363864
Feature dist_lanes: -19.905249690115646
Feature dist_fences: 0.3806622302429552
Feature control: 0.8725234393142061
Feature control_throttle: 0.03992468262399279
Feature control_brake: 0.0
Feature control_turn: 0.27296235299755006
Feature speed: 1.6903398707547095
Feature speed_over: 0.0
Feature speed_under: 1.6903398707547095
Feature bias: 30.0
input_dict: {'dist_cars': 0.006489857101363864, 'dist_lanes': -19.905249690115646, 'dist_fences': 0.3806622302429552, 'control': 0.8725234393142061, 'control_throttle': 0.03992468262399279, 'control_brake': 0.0, 'control_turn': 0.27296235299755006, 'speed': 1.6903398707547095, 'speed_over': 0.0, 'speed_under': 1.6903398707547095, 'bias': 30.0}
cost:  45.27819775823345
results:  {'dist_cars': 0.006489857101363864, 'dist_lanes': -19.905249690115646, 'dist_fences': 0.3806622302429552, 'control': 0.8725234393142061, 'control_throttle': 0.03992468262399279, 'control_brake': 0.0, 'control_turn': 0.27296235299755006, 'speed': 1.6903398707547095, 'speed_over': 0.0, 'speed_under': 1.6903398707547095, 'bias': 30.0, 'cost': 45.27819775823345, 'offtrack': 11, 'overspeed': 0, 'underspeed': 0, 'uncomfortable': 1, 'wronglane': 26, 'collision': 0}
obj state [0.13 1.  ]
Task (0, 0, 0.5, 0.5)
JIT - Controller <>
JIT - Controller first compile: u0 (1, 10, 2)
JIT - Controller first compile: weights (13, 1)
JIT - Controller finish compile in 3.591s: u0 (1, 10, 2)
Feature dist_lanes: -2.4933892600797742
Feature dist_fences: 11.310000000000002
Feature dist_obstacles: 0.0011740668889818487
Feature dist_trees: 0.0011740668889818487
Feature dist_debris: 0.0011740668889818487
Feature control: 3.0600000001385856
Feature control_throttle: 2.2500000000309948
Feature control_brake: 3.651790587104679e-12
Feature control_turn: 0.8100000001385859
Feature speed: 7.499999999999997
Feature speed_over: 7.499999999999997
Feature speed_under: 0.0
Feature bias: 30.0
input_dict: {'dist_lanes': -2.4933892600797742, 'dist_fences': 11.310000000000002, 'dist_obstacles': 0.0011740668889818487, 'dist_trees': 0.0011740668889818487, 'dist_debris': 0.0011740668889818487, 'control': 3.0600000001385856, 'control_throttle': 2.2500000000309948, 'control_brake': 3.651790587104679e-12, 'control_turn': 0.8100000001385859, 'speed': 7.499999999999997, 'speed_over': 7.499999999999997, 'speed_under': 0.0, 'bias': 30.0}
cost:  69.28453118904895
Task (0, 0, 0.5, 0.5)
JIT - Controller <>
JIT - Controller first compile: u0 (1, 10, 2)
JIT - Controller first compile: weights (13, 1)
JIT - Controller finish compile in 3.712s: u0 (1, 10, 2)
Feature dist_lanes: -22.087640672337013
Feature dist_fences: 4.034880833764953
Feature dist_obstacles: 1.19565827362872e-39
Feature dist_trees: 1.19565827362872e-39
Feature dist_debris: 1.19565827362872e-39
Feature control: 1.9572197487044762
Feature control_throttle: 0.3142600479928481
Feature control_brake: 0.0
Feature control_turn: 1.4014921349915717
Feature speed: 0.0058376188539347755
Feature speed_over: 0.0007919388157231579
Feature speed_under: 0.005045680038211618
Feature bias: 30.0
input_dict: {'dist_lanes': -22.087640672337013, 'dist_fences': 4.034880833764953, 'dist_obstacles': 1.19565827362872e-39, 'dist_trees': 1.19565827362872e-39, 'dist_debris': 1.19565827362872e-39, 'control': 1.9572197487044762, 'control_throttle': 0.3142600479928481, 'control_brake': 0.0, 'control_turn': 1.4014921349915717, 'speed': 0.0058376188539347755, 'speed_over': 0.0007919388157231579, 'speed_under': 0.005045680038211618, 'bias': 30.0}
cost:  106.74046283549939
Task (0, 0, 0.5, 0.5)
JIT - Controller <>
JIT - Controller first compile: u0 (1, 10, 2)
JIT - Controller first compile: weights (13, 1)
JIT - Controller finish compile in 3.712s: u0 (1, 10, 2)
Feature dist_lanes: -2.4933906704037434
Feature dist_fences: 11.310000000000002
Feature dist_obstacles: 0.477881399715153
Feature dist_trees: 0.477881399715153
Feature dist_debris: 0.477881399715153
Feature control: 3.06
Feature control_throttle: 2.25
Feature control_brake: 2.607602180212074e-18
Feature control_turn: 0.8100000000000005
Feature speed: 7.499999999999997
Feature speed_over: 7.499999999999997
Feature speed_under: 0.0
Feature bias: 30.0
input_dict: {'dist_lanes': -2.4933906704037434, 'dist_fences': 11.310000000000002, 'dist_obstacles': 0.477881399715153, 'dist_trees': 0.477881399715153, 'dist_debris': 0.477881399715153, 'control': 3.06, 'control_throttle': 2.25, 'control_brake': 2.607602180212074e-18, 'control_turn': 0.8100000000000005, 'speed': 7.499999999999997, 'speed_over': 7.499999999999997, 'speed_under': 0.0, 'bias': 30.0}
cost:  106.74049398595717
Task (0, 0)
JIT - Controller <>
JIT - Controller first compile: u0 (1, 10, 2)
JIT - Controller first compile: weights (11, 1)
JIT - Controller finish compile in 3.536s: u0 (1, 10, 2)
Feature dist_cars: 0.09145071957217257
Feature dist_lanes: -15.95618149170653
Feature dist_fences: 1.0348689628651497
Feature control: 1.545316879521796
Feature control_throttle: 0.2881291691560537
Feature control_brake: 0.0
Feature control_turn: 0.48178297960910044
Feature speed: 0.007423695604645682
Feature speed_over: 0.0
Feature speed_under: 0.007423695604645682
Feature bias: 30.0
input_dict: {'dist_cars': 0.09145071957217257, 'dist_lanes': -15.95618149170653, 'dist_fences': 1.0348689628651497, 'control': 1.545316879521796, 'control_throttle': 0.2881291691560537, 'control_brake': 0.0, 'control_turn': 0.48178297960910044, 'speed': 0.007423695604645682, 'speed_over': 0.0, 'speed_under': 0.007423695604645682, 'bias': 30.0}
cost:  56.28285447702355
Task (0, 0)
JIT - Controller <>
JIT - Controller first compile: u0 (1, 10, 2)
JIT - Controller first compile: weights (11, 1)
JIT - Controller finish compile in 3.942s: u0 (1, 10, 2)
Feature dist_cars: 0.06280155856210831
Feature dist_lanes: -1.795233575307376
Feature dist_fences: 11.238182738614665
Feature control: 3.060059496863622
Feature control_throttle: 2.25
Feature control_brake: 2.974843177833784e-05
Feature control_turn: 4.745218027499892
Feature speed: 5.396155942194365
Feature speed_over: 5.396155942194365
Feature speed_under: 0.0
Feature bias: 30.0
input_dict: {'dist_cars': 0.06280155856210831, 'dist_lanes': -1.795233575307376, 'dist_fences': 11.238182738614665, 'control': 3.060059496863622, 'control_throttle': 2.25, 'control_brake': 2.974843177833784e-05, 'control_turn': 4.745218027499892, 'speed': 5.396155942194365, 'speed_over': 5.396155942194365, 'speed_under': 0.0, 'bias': 30.0}
cost:  45.04968352252401
Task (0, 0)
JIT - Controller <>
JIT - Controller first compile: u0 (1, 10, 2)
JIT - Controller first compile: weights (11, 1)
JIT - Controller finish compile in 4.041s: u0 (1, 10, 2)
Feature dist_cars: 0.0067112821674920106
Feature dist_lanes: -21.026328371580014
Feature dist_fences: 0.15972633223917718
Feature control: 1.2647716490621042
Feature control_throttle: 0.26123934074741567
Feature control_brake: 0.0
Feature control_turn: 0.4346475687703885
Feature speed: 0.017384808047989014
Feature speed_over: 0.0
Feature speed_under: 0.017384808047989014
Feature bias: 30.0
input_dict: {'dist_cars': 0.0067112821674920106, 'dist_lanes': -21.026328371580014, 'dist_fences': 0.15972633223917718, 'control': 1.2647716490621042, 'control_throttle': 0.26123934074741567, 'control_brake': 0.0, 'control_turn': 0.4346475687703885, 'speed': 0.017384808047989014, 'speed_over': 0.0, 'speed_under': 0.017384808047989014, 'bias': 30.0}
cost:  43.50671347827954
results:  {'dist_cars': 0.0067112821674920106, 'dist_lanes': -21.026328371580014, 'dist_fences': 0.15972633223917718, 'control': 1.2647716490621042, 'control_throttle': 0.26123934074741567, 'control_brake': 0.0, 'control_turn': 0.4346475687703885, 'speed': 0.017384808047989014, 'speed_over': 0.0, 'speed_under': 0.017384808047989014, 'bias': 30.0, 'cost': 43.50671347827954, 'offtrack': 4, 'overspeed': 0, 'underspeed': 0, 'uncomfortable': 1, 'wronglane': 27, 'collision': 0}
obj state [0.13 1.  ]
obj state [-0.13  0.5 ]
Task (0, 0, 0.5, 0.5, -0.5, -0.5)
JIT - Controller <>
JIT - Controller first compile: u0 (1, 10, 2)
JIT - Controller first compile: weights (13, 1)
JIT - Controller finish compile in 4.327s: u0 (1, 10, 2)
Feature dist_lanes: -1.9711388250370512
Feature dist_fences: 11.310000000000002
Feature dist_obstacles: 0.15309554568529604
Feature dist_trees: 0.15309554568529604
Feature dist_debris: 0.15309554568529604
Feature control: 3.0600000000001426
Feature control_throttle: 2.2500000000000013
Feature control_brake: 3.4541541446467496e-14
Feature control_turn: 0.810000000000143
Feature speed: 7.499999999999997
Feature speed_over: 7.499999999999997
Feature speed_under: 0.0
Feature bias: 30.0
input_dict: {'dist_lanes': -1.9711388250370512, 'dist_fences': 11.310000000000002, 'dist_obstacles': 0.15309554568529604, 'dist_trees': 0.15309554568529604, 'dist_debris': 0.15309554568529604, 'control': 3.0600000000001426, 'control_throttle': 2.2500000000000013, 'control_brake': 3.4541541446467496e-14, 'control_turn': 0.810000000000143, 'speed': 7.499999999999997, 'speed_over': 7.499999999999997, 'speed_under': 0.0, 'bias': 30.0}
cost:  47.28352343445173
