heuristic num_obstacles
running experiments:  ['Week8_01', 'Week8_02', 'Week8_03', 'Week8_04', 'Week10_01', 'Week10_02', 'Week9_01', 'Week9_02', 'Week9_03', 'Week9_04']
starter:  experiments/standard.json
saved to folder:  experiments/2023_11_30_13_02_17
cost:  -144.93527598419502
cost:  162.82181724891905
cost:  45.27819775823345
cost:  44.930086750595024
running experiments:  ['Week8_01', 'Week8_02', 'Week8_03', 'Week8_04', 'Week10_01', 'Week10_02', 'Week9_01', 'Week9_02', 'Week9_03', 'Week9_04']
starter:  experiments/uniform.json
saved to folder:  experiments/2023_11_30_13_04_56
cost:  -4.095029273104535
cost:  152.07943874336954
cost:  45.20276254680569
cost:  44.91180576798501
heuristic num_vehicles
running experiments:  ['Week9_01', 'Week9_02', 'Week9_03', 'Week9_04', 'Week10_01', 'Week8_02', 'Week8_03', 'Week10_02', 'Week8_01', 'Week8_04']
starter:  experiments/standard.json
saved to folder:  experiments/2023_11_30_13_07_35
cost:  43.599195598698564
cost:  43.48769952144933
cost:  45.609540522533216
cost:  43.6735431101788
running experiments:  ['Week9_01', 'Week9_02', 'Week9_03', 'Week9_04', 'Week10_01', 'Week8_02', 'Week8_03', 'Week10_02', 'Week8_01', 'Week8_04']
starter:  experiments/uniform.json
saved to folder:  experiments/2023_11_30_13_10_14
cost:  43.59919559869858
cost:  43.487699521560636
cost:  45.60954051880615
cost:  43.67354310645178
heuristic num_auto_vehicles
running experiments:  ['Week8_01', 'Week8_02', 'Week8_03', 'Week8_04', 'Week9_01', 'Week9_02', 'Week9_03', 'Week9_04', 'Week10_01', 'Week10_02']
starter:  experiments/standard.json
saved to folder:  experiments/2023_11_30_13_12_53
cost:  -144.93527598419502
cost:  162.82181724891905
cost:  45.27819775823345
cost:  44.930086750595024
running experiments:  ['Week8_01', 'Week8_02', 'Week8_03', 'Week8_04', 'Week9_01', 'Week9_02', 'Week9_03', 'Week9_04', 'Week10_01', 'Week10_02']
starter:  experiments/uniform.json
saved to folder:  experiments/2023_11_30_13_15_33
cost:  -4.095029273104535
cost:  152.07943874336954
cost:  45.20276254680569
cost:  44.91180576798501
